[+] Containers:
 |- [+] Container: /Game/TopDown/Maps/TopDownMap
 |   |- [+] ActorDescs:
 |   |   |- Guid:0165389A47495B60C124B8B9C6DCE09C BaseClass: NativeClass:/Script/Engine.StaticMeshActor Name:StaticMeshActor_UAID_002B67F8C3F024C801_1113096740 Label:SM_PROP_PLANT_pot_v1_01 SpatiallyLoaded:1 Bounds:IsValid=true, Min=(X=1398.563 Y=1278.665 Z=120.000), Max=(X=1504.952 Y=1338.515 Z=160.429) RuntimeGrid:None EditorOnly:0 RuntimeOnly:0 HLODRelevant:1 ListedInSceneOutliner:1 IsMainWorldOnly:0
 |   |   |- Guid:0F4324B34E091887A24AD9995AE727D1 BaseClass: NativeClass:/Script/Engine.StaticMeshActor Name:StaticMeshActor_23 Label:SM_Cube6 SpatiallyLoaded:1 Bounds:IsValid=true, Min=(X=3380.000 Y=100.000 Z=0.000), Max=(X=3480.000 Y=3400.000 Z=400.000) RuntimeGrid:None EditorOnly:0 RuntimeOnly:0 HLODRelevant:1 ListedInSceneOutliner:1 IsMainWorldOnly:0 FolderPath:Box_In FolderGuid:9FE5E8B349AF71F05F2688921F3F2AC5
 |   |   |- Guid:122199B24FBE69A12F041DA392205D52 BaseClass:/Game/TopDown/Blueprints/B_Cat.B_Cat_C NativeClass:/Script/Engine.Actor Name:B_Cat_C_UAID_145AFC0DFCEECDC601_2036473331 Label:B_Cat SpatiallyLoaded:1 Bounds:IsValid=true, Min=(X=1090.000 Y=2400.000 Z=-60.000), Max=(X=1316.160 Y=2800.000 Z=340.000) RuntimeGrid:None EditorOnly:0 RuntimeOnly:0 HLODRelevant:0 ListedInSceneOutliner:1 IsMainWorldOnly:0
 |   |   |- Guid:147C8D134B12D635012D5F8C57D2C96F BaseClass: NativeClass:/Script/Engine.PostProcessVolume Name:PostProcessVolume_1 Label:PostProcessVolume SpatiallyLoaded:0 Bounds:IsValid=true, Min=(X=0.000 Y=0.000 Z=400.000), Max=(X=200.000 Y=200.000 Z=600.000) RuntimeGrid:None EditorOnly:0 RuntimeOnly:0 HLODRelevant:0 ListedInSceneOutliner:1 IsMainWorldOnly:0 FolderPath:Lighting FolderGuid:4C9334684BA61B42C769F799D2576455
 |   |   |- Guid:1742DF43475F097453197AA79C7473D9 BaseClass: NativeClass:/Script/Engine.SkyLight Name:SkyLight_1 Label:SkyLight SpatiallyLoaded:0 Bounds:IsValid=true, Min=(X=0.000 Y=0.000 Z=690.000), Max=(X=0.000 Y=0.000 Z=690.000) RuntimeGrid:None EditorOnly:0 RuntimeOnly:0 HLODRelevant:0 ListedInSceneOutliner:1 IsMainWorldOnly:0 FolderPath:Lighting FolderGuid:4C9334684BA61B42C769F799D2576455
 |   |   |- Guid:1F71819C416DE64AF61B6EB5843FFBDD BaseClass: NativeClass:/Script/Engine.StaticMeshActor Name:StaticMeshActor_UAID_002B67F8C3F01FC801_1978207840 Label:Plane SpatiallyLoaded:1 Bounds:IsValid=true, Min=(X=1585.000 Y=2110.000 Z=0.500), Max=(X=1635.000 Y=2210.000 Z=0.500) RuntimeGrid:None EditorOnly:0 RuntimeOnly:0 HLODRelevant:1 ListedInSceneOutliner:1 IsMainWorldOnly:0 FolderPath:Markings FolderGuid:5DF88F1744EB6EFB50F4FC9B0E345BAB
 |   |   |- Guid:2169CB5C470E0E674279BA96829753DD BaseClass: NativeClass:/Script/Engine.StaticMeshActor Name:StaticMeshActor_17 Label:SM_Cube SpatiallyLoaded:1 Bounds:IsValid=true, Min=(X=0.000 Y=0.000 Z=-70.000), Max=(X=4000.000 Y=3500.000 Z=-20.000) RuntimeGrid:None EditorOnly:0 RuntimeOnly:0 HLODRelevant:1 ListedInSceneOutliner:1 IsMainWorldOnly:0 FolderPath:Box_In FolderGuid:9FE5E8B349AF71F05F2688921F3F2AC5
 |   |   |- Guid:228CFF484B29686B271887899AF4CAFC BaseClass: NativeClass:/Script/Engine.StaticMeshActor Name:StaticMeshActor_UAID_002B67F8C3F024C801_1195975743 Label:SM_PROP_PLANT_pot_v1_3 SpatiallyLoaded:1 Bounds:IsValid=true, Min=(X=2111.452 Y=1278.665 Z=120.000), Max=(X=2216.942 Y=1338.515 Z=160.041) RuntimeGrid:None EditorOnly:0 RuntimeOnly:0 HLODRelevant:1 ListedInSceneOutliner:1 IsMainWorldOnly:0
 |   |   |- Guid:23852D3049D770FEFFE02CA1EB80F8CE BaseClass: NativeClass:/Script/Engine.PointLight Name:PointLight_UAID_002B67F8C3F024C801_1695488747 Label:PointLight2 SpatiallyLoaded:1 Bounds:IsValid=true, Min=(X=1080.000 Y=2620.000 Z=0.000), Max=(X=1320.000 Y=2860.000 Z=240.000) RuntimeGrid:None EditorOnly:0 RuntimeOnly:0 HLODRelevant:0 ListedInSceneOutliner:1 IsMainWorldOnly:0
 |   |   |- Guid:24E38DE6413732A653233386DD13434D BaseClass: NativeClass:/Script/Engine.StaticMeshActor Name:StaticMeshActor_UAID_002B67F8C3F01FC801_2045720842 Label:Plane3 SpatiallyLoaded:1 Bounds:IsValid=true, Min=(X=1585.000 Y=1780.000 Z=0.500), Max=(X=1635.000 Y=1880.000 Z=0.500) RuntimeGrid:None EditorOnly:0 RuntimeOnly:0 HLODRelevant:1 ListedInSceneOutliner:1 IsMainWorldOnly:0 FolderPath:Markings FolderGuid:5DF88F1744EB6EFB50F4FC9B0E345BAB
 |   |   |- Guid:2C8C4C6941734558400FC18211170607 BaseClass:/Game/TopDown/Blueprints/B_Cat.B_Cat_C NativeClass:/Script/Engine.Actor Name:B_Cat_C_UAID_002B67F8C3F01CC801_1133848294 Label:B_Cat4 SpatiallyLoaded:1 Bounds:IsValid=true, Min=(X=1090.000 Y=2100.000 Z=-60.000), Max=(X=1316.160 Y=2500.000 Z=340.000) RuntimeGrid:None EditorOnly:0 RuntimeOnly:0 HLODRelevant:0 ListedInSceneOutliner:1 IsMainWorldOnly:0
 |   |   |- Guid:2DF0D95440BE0EDA81652F860DC7268E BaseClass: NativeClass:/Script/Engine.WorldDataLayers Name:WorldDataLayers Label:WorldDataLayers SpatiallyLoaded:0 Bounds:Invalid RuntimeGrid:None EditorOnly:0 RuntimeOnly:0 HLODRelevant:0 ListedInSceneOutliner:1 IsMainWorldOnly:1 FolderPath:Misc FolderGuid:068613794DE297FA2DBA138027B1573B
 |   |   |- Guid:2E02840140379895C7FCBEA068546366 BaseClass: NativeClass:/Script/Engine.StaticMeshActor Name:StaticMeshActor_UAID_002B67F8C3F01FC801_2055473843 Label:Plane4 SpatiallyLoaded:1 Bounds:IsValid=true, Min=(X=1585.000 Y=1470.000 Z=0.500), Max=(X=1635.000 Y=1570.000 Z=0.500) RuntimeGrid:None EditorOnly:0 RuntimeOnly:0 HLODRelevant:1 ListedInSceneOutliner:1 IsMainWorldOnly:0 FolderPath:Markings FolderGuid:5DF88F1744EB6EFB50F4FC9B0E345BAB
 |   |   |- Guid:33968FC241F9B43855ED8E8BDAB62A6D BaseClass: NativeClass:/Script/Engine.StaticMeshActor Name:StaticMeshActor_UAID_002B67F8C3F01EC801_1989871653 Label:S_Old_Cushion_vizmci3va_lod3_Var1 SpatiallyLoaded:1 Bounds:IsValid=true, Min=(X=1062.202 Y=1584.375 Z=-28.798), Max=(X=1197.053 Y=1815.665 Z=42.278) RuntimeGrid:None EditorOnly:0 RuntimeOnly:0 HLODRelevant:1 ListedInSceneOutliner:1 IsMainWorldOnly:0 FolderPath:Pillow FolderGuid:319B6A204F13C294A4B43F91A6DB6274
 |   |   |- Guid:38EC5FEB47CF4353F18C418593D4CF02 BaseClass: NativeClass:/Script/Engine.StaticMeshActor Name:StaticMeshActor_UAID_002B67F8C3F01FC801_1896500838 Label:SM_PROP_barrel_7 SpatiallyLoaded:1 Bounds:IsValid=true, Min=(X=1946.815 Y=2794.526 Z=-0.702), Max=(X=2039.762 Y=2934.392 Z=123.346) RuntimeGrid:None EditorOnly:0 RuntimeOnly:0 HLODRelevant:1 ListedInSceneOutliner:1 IsMainWorldOnly:0
 |   |   |- Guid:39292F144FAE333BF1284C853739E41B BaseClass: NativeClass:/Script/Engine.StaticMeshActor Name:StaticMeshActor_UAID_002B67F8C3F01FC801_1802293837 Label:SM_PROP_barrel_06 SpatiallyLoaded:1 Bounds:IsValid=true, Min=(X=1946.815 Y=2684.526 Z=-0.702), Max=(X=2039.762 Y=2824.392 Z=123.346) RuntimeGrid:None EditorOnly:0 RuntimeOnly:0 HLODRelevant:1 ListedInSceneOutliner:1 IsMainWorldOnly:0
 |   |   |- Guid:3C96B292408BBA900DBE0FBFCCE73F08 BaseClass: NativeClass:/Script/Engine.StaticMeshActor Name:StaticMeshActor_UAID_002B67F8C3F024C801_1470347745 Label:SM_PROP_lantern_01 SpatiallyLoaded:1 Bounds:IsValid=true, Min=(X=1174.616 Y=1520.510 Z=80.823), Max=(X=1225.384 Y=1579.132 Z=174.438) RuntimeGrid:None EditorOnly:0 RuntimeOnly:0 HLODRelevant:1 ListedInSceneOutliner:1 IsMainWorldOnly:0
 |   |   |- Guid:45DAFA7B47BCC4C5ACCD16A7BC0DE8E3 BaseClass: NativeClass:/Script/Engine.StaticMeshActor Name:StaticMeshActor_UAID_002B67F8C3F01EC801_1696792647 Label:SM_PROP_crate_6 SpatiallyLoaded:1 Bounds:IsValid=true, Min=(X=1314.465 Y=2858.510 Z=-0.079), Max=(X=1403.593 Y=2923.012 Z=46.583) RuntimeGrid:None EditorOnly:0 RuntimeOnly:0 HLODRelevant:1 ListedInSceneOutliner:1 IsMainWorldOnly:0
 |   |   |- Guid:4DE0476842734583CA56039C05F646C2 BaseClass: NativeClass:/Script/Engine.StaticMeshActor Name:StaticMeshActor_UAID_002B67F8C3F020C801_2012243024 Label:SM_Cube4 SpatiallyLoaded:1 Bounds:IsValid=true, Min=(X=0.000 Y=1290.000 Z=-50.000), Max=(X=2334.750 Y=3010.250 Z=0.000) RuntimeGrid:None EditorOnly:0 RuntimeOnly:0 HLODRelevant:1 ListedInSceneOutliner:1 IsMainWorldOnly:0 FolderPath:Box_In FolderGuid:9FE5E8B349AF71F05F2688921F3F2AC5
 |   |   |- Guid:5CFBC485434FDB277CACEBA71D97766F BaseClass: NativeClass:/Script/Engine.StaticMeshActor Name:StaticMeshActor_UAID_002B67F8C3F01EC801_2028370655 Label:S_Old_Cushion_vizmci3va_lod3_Var3 SpatiallyLoaded:1 Bounds:IsValid=true, Min=(X=1062.202 Y=2184.375 Z=-28.798), Max=(X=1197.053 Y=2415.665 Z=42.278) RuntimeGrid:None EditorOnly:0 RuntimeOnly:0 HLODRelevant:1 ListedInSceneOutliner:1 IsMainWorldOnly:0 FolderPath:Pillow FolderGuid:319B6A204F13C294A4B43F91A6DB6274
 |   |   |- Guid:5EC123D84217F1E1D53DE183C51212FA BaseClass: NativeClass:/Script/Engine.StaticMeshActor Name:StaticMeshActor_UAID_002B67F8C3F01EC801_1666676645 Label:SM_PROP_crate_05 SpatiallyLoaded:1 Bounds:IsValid=true, Min=(X=1314.465 Y=2798.510 Z=-0.079), Max=(X=1403.593 Y=2863.012 Z=46.583) RuntimeGrid:None EditorOnly:0 RuntimeOnly:0 HLODRelevant:1 ListedInSceneOutliner:1 IsMainWorldOnly:0
 |   |   |- Guid:60929D844631C8CF6488628E390E11A1 BaseClass:/Game/TopDown/Blueprints/BP_Cupboard.BP_Cupboard_C NativeClass:/Script/Engine.Actor Name:BP_Cupboard_C_UAID_145AFC0DFCEEBAC201_1551656761 Label:BP_Cupboard SpatiallyLoaded:1 Bounds:IsValid=true, Min=(X=1400.000 Y=2600.000 Z=-750.000), Max=(X=1500.000 Y=3100.000 Z=192.750) RuntimeGrid:None EditorOnly:0 RuntimeOnly:0 HLODRelevant:0 ListedInSceneOutliner:1 IsMainWorldOnly:0 FolderPath:Stations FolderGuid:97D7122F46ABF7EA7FDB878A4E709BB4
 |   |   |- Guid:6252C7D64ACF162A73EE65B11FE214D1 BaseClass: NativeClass:/Script/Engine.SkyAtmosphere Name:SkyAtmosphere_1 Label:SkyAtmosphere SpatiallyLoaded:0 Bounds:IsValid=true, Min=(X=0.000 Y=0.000 Z=1020.000), Max=(X=0.000 Y=0.000 Z=1020.000) RuntimeGrid:None EditorOnly:0 RuntimeOnly:0 HLODRelevant:0 ListedInSceneOutliner:1 IsMainWorldOnly:0 FolderPath:Lighting FolderGuid:4C9334684BA61B42C769F799D2576455
 |   |   |- Guid:66BCBF874D2A22ADC6523B95EE812CA3 BaseClass: NativeClass:/Script/Engine.StaticMeshActor Name:StaticMeshActor_UAID_A4AE111137DC5CFB00_1660657071 Label:SM_SkySphere SpatiallyLoaded:0 Bounds:IsValid=true, Min=(X=-1638400.000 Y=-1638400.000 Z=-1638400.000), Max=(X=1638400.000 Y=1638400.000 Z=1638400.000) RuntimeGrid:None EditorOnly:0 RuntimeOnly:0 HLODRelevant:1 ListedInSceneOutliner:1 IsMainWorldOnly:0 FolderPath:Lighting FolderGuid:4C9334684BA61B42C769F799D2576455
 |   |   |- Guid:708271D942D394EC302F40812090E6BF BaseClass: NativeClass:/Script/Engine.StaticMeshActor Name:StaticMeshActor_UAID_002B67F8C3F01EC801_1843371652 Label:SM_PROP_PLANT_pot_v4_01 SpatiallyLoaded:1 Bounds:IsValid=true, Min=(X=1756.653 Y=1274.047 Z=120.000), Max=(X=1916.735 Y=1342.371 Z=197.313) RuntimeGrid:None EditorOnly:0 RuntimeOnly:0 HLODRelevant:1 ListedInSceneOutliner:1 IsMainWorldOnly:0
 |   |   |- Guid:7139D3FF45E85A035E6EFCB10A2FC6DF BaseClass:/Game/TopDown/Blueprints/B_Cat.B_Cat_C NativeClass:/Script/Engine.Actor Name:B_Cat_C_UAID_002B67F8C3F01CC801_1127780293 Label:B_Cat3 SpatiallyLoaded:1 Bounds:IsValid=true, Min=(X=1090.000 Y=1800.000 Z=-60.000), Max=(X=1316.160 Y=2200.000 Z=340.000) RuntimeGrid:None EditorOnly:0 RuntimeOnly:0 HLODRelevant:0 ListedInSceneOutliner:1 IsMainWorldOnly:0
 |   |   |- Guid:7B6855A5430B69E374A79C97CEC04D3E BaseClass: NativeClass:/Script/Engine.StaticMeshActor Name:StaticMeshActor_UAID_002B67F8C3F020C801_1185863023 Label:Plane5 SpatiallyLoaded:1 Bounds:IsValid=true, Min=(X=1400.000 Y=2755.000 Z=0.500), Max=(X=1500.000 Y=2805.000 Z=0.500) RuntimeGrid:None EditorOnly:0 RuntimeOnly:0 HLODRelevant:1 ListedInSceneOutliner:1 IsMainWorldOnly:0 FolderPath:Markings FolderGuid:5DF88F1744EB6EFB50F4FC9B0E345BAB
 |   |   |- Guid:907F48B540CD6EC55EC667ABCFE0CDAA BaseClass: NativeClass:/Script/Engine.StaticMeshActor Name:StaticMeshActor_UAID_002B67F8C3F01EC801_2032159656 Label:S_Old_Cushion_vizmci3va_lod3_Var4 SpatiallyLoaded:1 Bounds:IsValid=true, Min=(X=1062.202 Y=2484.375 Z=-28.798), Max=(X=1197.053 Y=2715.665 Z=42.278) RuntimeGrid:None EditorOnly:0 RuntimeOnly:0 HLODRelevant:1 ListedInSceneOutliner:1 IsMainWorldOnly:0 FolderPath:Pillow FolderGuid:319B6A204F13C294A4B43F91A6DB6274
 |   |   |- Guid:91D79ECC498E1087213B7F97486C5F21 BaseClass:/Game/TopDown/Blueprints/B_Cat.B_Cat_C NativeClass:/Script/Engine.Actor Name:B_Cat_C_UAID_002B67F8C3F01CC801_1101538292 Label:B_Cat2 SpatiallyLoaded:1 Bounds:IsValid=true, Min=(X=1090.000 Y=1500.000 Z=-60.000), Max=(X=1316.160 Y=1900.000 Z=340.000) RuntimeGrid:None EditorOnly:0 RuntimeOnly:0 HLODRelevant:0 ListedInSceneOutliner:1 IsMainWorldOnly:0
 |   |   |- Guid:9BB238E547E4EAACCF5F9F993C418231 BaseClass: NativeClass:/Script/Engine.PointLight Name:PointLight_UAID_002B67F8C3F01FC801_2124600844 Label:PointLight SpatiallyLoaded:1 Bounds:IsValid=true, Min=(X=1080.000 Y=1430.000 Z=0.000), Max=(X=1320.000 Y=1670.000 Z=240.000) RuntimeGrid:None EditorOnly:0 RuntimeOnly:0 HLODRelevant:0 ListedInSceneOutliner:1 IsMainWorldOnly:0
 |   |   |- Guid:A43D8A8A4594A092A33DBAA96D94E491 BaseClass: NativeClass:/Script/Engine.StaticMeshActor Name:StaticMeshActor_UAID_002B67F8C3F024C801_1718392748 Label:Plane6 SpatiallyLoaded:1 Bounds:IsValid=true, Min=(X=1327.500 Y=1650.000 Z=0.500), Max=(X=1452.500 Y=1750.000 Z=0.500) RuntimeGrid:None EditorOnly:0 RuntimeOnly:0 HLODRelevant:1 ListedInSceneOutliner:1 IsMainWorldOnly:0 FolderPath:Markings FolderGuid:5DF88F1744EB6EFB50F4FC9B0E345BAB
 |   |   |- Guid:A637E05C42559E3B7F140481C6CBFF81 BaseClass: NativeClass:/Script/Engine.StaticMeshActor Name:StaticMeshActor_UAID_002B67F8C3F01EC801_2023473654 Label:S_Old_Cushion_vizmci3va_lod3_Var2 SpatiallyLoaded:1 Bounds:IsValid=true, Min=(X=1062.202 Y=1884.375 Z=-28.798), Max=(X=1197.053 Y=2115.665 Z=42.278) RuntimeGrid:None EditorOnly:0 RuntimeOnly:0 HLODRelevant:1 ListedInSceneOutliner:1 IsMainWorldOnly:0 FolderPath:Pillow FolderGuid:319B6A204F13C294A4B43F91A6DB6274
 |   |   |- Guid:AECEEEE741E6DE68F6843FA49564A956 BaseClass: NativeClass:/Script/Engine.DirectionalLight Name:DirectionalLight_1 Label:DirectionalLight SpatiallyLoaded:0 Bounds:IsValid=true, Min=(X=-4398046511104.000 Y=-4398046511104.000 Z=-4398046511104.000), Max=(X=4398046511104.000 Y=4398046511104.000 Z=4398046511104.000) RuntimeGrid:None EditorOnly:0 RuntimeOnly:0 HLODRelevant:0 ListedInSceneOutliner:1 IsMainWorldOnly:0 FolderPath:Lighting FolderGuid:4C9334684BA61B42C769F799D2576455
 |   |   |- Guid:BC98D1DB44A8401B39E0A7AA70AF12ED BaseClass: NativeClass:/Script/Engine.StaticMeshActor Name:StaticMeshActor_UAID_002B67F8C3F024C801_1119450741 Label:SM_PROP_PLANT_pot_v1_02 SpatiallyLoaded:1 Bounds:IsValid=true, Min=(X=2041.452 Y=1278.665 Z=120.000), Max=(X=2146.942 Y=1338.515 Z=160.041) RuntimeGrid:None EditorOnly:0 RuntimeOnly:0 HLODRelevant:1 ListedInSceneOutliner:1 IsMainWorldOnly:0
 |   |   |- Guid:BE88C2FA4701A33E537DF697FE423885 BaseClass: NativeClass:/Script/Engine.StaticMeshActor Name:StaticMeshActor_UAID_002B67F8C3F01FC801_2035952841 Label:Plane2 SpatiallyLoaded:1 Bounds:IsValid=true, Min=(X=1585.000 Y=2440.000 Z=0.500), Max=(X=1635.000 Y=2540.000 Z=0.500) RuntimeGrid:None EditorOnly:0 RuntimeOnly:0 HLODRelevant:1 ListedInSceneOutliner:1 IsMainWorldOnly:0 FolderPath:Markings FolderGuid:5DF88F1744EB6EFB50F4FC9B0E345BAB
 |   |   |- Guid:D24D61B944EF71BE7BC469B7EB239299 BaseClass: NativeClass:/Script/Engine.ExponentialHeightFog Name:ExponentialHeightFog_1 Label:ExponentialHeightFog SpatiallyLoaded:0 Bounds:IsValid=true, Min=(X=-5600.000 Y=-50.000 Z=-6850.000), Max=(X=-5600.000 Y=-50.000 Z=-6850.000) RuntimeGrid:None EditorOnly:0 RuntimeOnly:0 HLODRelevant:0 ListedInSceneOutliner:1 IsMainWorldOnly:0 FolderPath:Lighting FolderGuid:4C9334684BA61B42C769F799D2576455
 |   |   |- Guid:D45672FD4D051DBCB6F9BE973A50B555 BaseClass:/Game/TopDown/Blueprints/BP_Oven.BP_Oven_C NativeClass:/Script/Engine.Actor Name:BP_Oven_C_UAID_145AFC0DFCEEB8C201_1871645408 Label:BP_Oven SpatiallyLoaded:1 Bounds:IsValid=true, Min=(X=1480.000 Y=2250.000 Z=-240.000), Max=(X=1980.000 Y=2750.000 Z=404.436) RuntimeGrid:None EditorOnly:0 RuntimeOnly:0 HLODRelevant:0 ListedInSceneOutliner:1 IsMainWorldOnly:0 FolderPath:Stations FolderGuid:97D7122F46ABF7EA7FDB878A4E709BB4
 |   |   |- Guid:D47E5EB24A19D422FC0182B5540344E1 BaseClass: NativeClass:/Script/Engine.StaticMeshActor Name:StaticMeshActor_UAID_002B67F8C3F024C801_1179387742 Label:SM_PROP_PLANT_pot_v1_2 SpatiallyLoaded:1 Bounds:IsValid=true, Min=(X=1472.563 Y=1278.665 Z=120.000), Max=(X=1578.952 Y=1338.515 Z=160.429) RuntimeGrid:None EditorOnly:0 RuntimeOnly:0 HLODRelevant:1 ListedInSceneOutliner:1 IsMainWorldOnly:0
 |   |   |- Guid:D4B91245431F38B1958E8DB15753325B BaseClass:/Game/TopDown/Blueprints/BP_Combine.BP_Combine_C NativeClass:/Script/Engine.Actor Name:BP_Combine_C_UAID_145AFC0DFCEE2CC701_2139167049 Label:BP_Combine SpatiallyLoaded:1 Bounds:IsValid=true, Min=(X=1480.000 Y=1280.000 Z=-250.000), Max=(X=1980.000 Y=1780.000 Z=406.462) RuntimeGrid:None EditorOnly:0 RuntimeOnly:0 HLODRelevant:0 ListedInSceneOutliner:1 IsMainWorldOnly:0 FolderPath:Stations FolderGuid:97D7122F46ABF7EA7FDB878A4E709BB4
 |   |   |- Guid:E31305FF471C0DCA2B2BE58DDC41B78B BaseClass:/Game/TopDown/Blueprints/BP_Pots.BP_Pots_C NativeClass:/Script/Engine.Actor Name:BP_Stove_C_UAID_145AFC0DFCEEA3C201_1761860711 Label:BP_Stove SpatiallyLoaded:1 Bounds:IsValid=true, Min=(X=1480.000 Y=1920.000 Z=-250.000), Max=(X=1980.000 Y=2420.000 Z=388.436) RuntimeGrid:None EditorOnly:0 RuntimeOnly:0 HLODRelevant:0 ListedInSceneOutliner:1 IsMainWorldOnly:0 FolderPath:Stations FolderGuid:97D7122F46ABF7EA7FDB878A4E709BB4
 |   |   |- Guid:E3F4747047F129F6F192609AB9E0FEF7 BaseClass: NativeClass:/Script/Engine.StaticMeshActor Name:StaticMeshActor_UAID_002B67F8C3F024C801_1670093746 Label:SM_PROP_lantern_2 SpatiallyLoaded:1 Bounds:IsValid=true, Min=(X=1174.616 Y=2710.510 Z=80.823), Max=(X=1225.384 Y=2769.132 Z=174.438) RuntimeGrid:None EditorOnly:0 RuntimeOnly:0 HLODRelevant:1 ListedInSceneOutliner:1 IsMainWorldOnly:0
 |   |   |- Guid:E53359864D44D49C9CA300AF51B5CDC7 BaseClass:/Game/TopDown/Blueprints/BP_CuttingBoard.BP_CuttingBoard_C NativeClass:/Script/Engine.Actor Name:BP_CuttingBoard_C_UAID_145AFC0DFCEEB7C201_1799273231 Label:BP_CuttingBoard SpatiallyLoaded:1 Bounds:IsValid=true, Min=(X=1480.000 Y=1590.000 Z=-250.000), Max=(X=1980.000 Y=2090.000 Z=396.491) RuntimeGrid:None EditorOnly:0 RuntimeOnly:0 HLODRelevant:0 ListedInSceneOutliner:1 IsMainWorldOnly:0 FolderPath:Stations FolderGuid:97D7122F46ABF7EA7FDB878A4E709BB4
 |   |   |- Guid:E6F13D394C16971F152315940B68EEE7 BaseClass:/Game/TopDown/Blueprints/B_Cat.B_Cat_C NativeClass:/Script/Engine.Actor Name:B_Cat_C_UAID_002B67F8C3F01EC801_1806862651 Label:B_Cat5 SpatiallyLoaded:1 Bounds:IsValid=true, Min=(X=1090.000 Y=1500.000 Z=-60.000), Max=(X=1316.160 Y=1900.000 Z=340.000) RuntimeGrid:None EditorOnly:0 RuntimeOnly:0 HLODRelevant:0 ListedInSceneOutliner:1 IsMainWorldOnly:0
 |   |   |- Guid:E9F51259425B785A35C436A5559AD7B4 BaseClass: NativeClass:/Script/Engine.StaticMeshActor Name:StaticMeshActor_19 Label:SM_Cube3 SpatiallyLoaded:1 Bounds:IsValid=true, Min=(X=0.000 Y=3400.000 Z=0.000), Max=(X=3000.000 Y=3500.000 Z=400.000) RuntimeGrid:None EditorOnly:0 RuntimeOnly:0 HLODRelevant:1 ListedInSceneOutliner:1 IsMainWorldOnly:0 FolderPath:Playground FolderGuid:9FE5E8B349AF71F05F2688921F3F2AC5
 |   |   |- Guid:EDA3C22A40E27617F70F8A9108369148 BaseClass: NativeClass:/Script/Engine.StaticMeshActor Name:StaticMeshActor_UAID_002B67F8C3F01EC801_1180448639 Label:SM_PROP_PLANT_pot_v3_02 SpatiallyLoaded:1 Bounds:IsValid=true, Min=(X=1199.398 Y=1280.067 Z=-0.000), Max=(X=1322.138 Y=1396.346 Z=130.194) RuntimeGrid:None EditorOnly:0 RuntimeOnly:0 HLODRelevant:1 ListedInSceneOutliner:1 IsMainWorldOnly:0
 |   |   |- Guid:F07559B14CE9ADE1215992AA417A945E BaseClass: NativeClass:/Script/Engine.StaticMeshActor Name:StaticMeshActor_18 Label:SM_Cube2 SpatiallyLoaded:1 Bounds:IsValid=true, Min=(X=0.000 Y=0.000 Z=0.000), Max=(X=3000.000 Y=100.000 Z=400.000) RuntimeGrid:None EditorOnly:0 RuntimeOnly:0 HLODRelevant:1 ListedInSceneOutliner:1 IsMainWorldOnly:0 FolderPath:Playground FolderGuid:9FE5E8B349AF71F05F2688921F3F2AC5
 |   |   |- Guid:F33CC5014C49925B3A9D52A063AF483F BaseClass: NativeClass:/Script/Engine.PlayerStart Name:PlayerStart_0 Label:PlayerStart SpatiallyLoaded:0 Bounds:IsValid=true, Min=(X=1370.000 Y=1960.000 Z=0.013), Max=(X=1450.000 Y=2040.000 Z=184.013) RuntimeGrid:None EditorOnly:0 RuntimeOnly:0 HLODRelevant:0 ListedInSceneOutliner:1 IsMainWorldOnly:0
 |   |- [+] Clusters:
 |   |   |- [+] [  0]
 |   |   |   |- Guid:0165389A47495B60C124B8B9C6DCE09C BaseClass: NativeClass:/Script/Engine.StaticMeshActor Name:StaticMeshActor_UAID_002B67F8C3F024C801_1113096740 Label:SM_PROP_PLANT_pot_v1_01 SpatiallyLoaded:1 Bounds:IsValid=true, Min=(X=1398.563 Y=1278.665 Z=120.000), Max=(X=1504.952 Y=1338.515 Z=160.429) RuntimeGrid:None EditorOnly:0 RuntimeOnly:0 HLODRelevant:1 ListedInSceneOutliner:1 IsMainWorldOnly:0
 |   |   |- [+] [  1]
 |   |   |   |- Guid:0F4324B34E091887A24AD9995AE727D1 BaseClass: NativeClass:/Script/Engine.StaticMeshActor Name:StaticMeshActor_23 Label:SM_Cube6 SpatiallyLoaded:1 Bounds:IsValid=true, Min=(X=3380.000 Y=100.000 Z=0.000), Max=(X=3480.000 Y=3400.000 Z=400.000) RuntimeGrid:None EditorOnly:0 RuntimeOnly:0 HLODRelevant:1 ListedInSceneOutliner:1 IsMainWorldOnly:0 FolderPath:Box_In FolderGuid:9FE5E8B349AF71F05F2688921F3F2AC5
 |   |   |- [+] [  2]
 |   |   |   |- Guid:122199B24FBE69A12F041DA392205D52 BaseClass:/Game/TopDown/Blueprints/B_Cat.B_Cat_C NativeClass:/Script/Engine.Actor Name:B_Cat_C_UAID_145AFC0DFCEECDC601_2036473331 Label:B_Cat SpatiallyLoaded:1 Bounds:IsValid=true, Min=(X=1090.000 Y=2400.000 Z=-60.000), Max=(X=1316.160 Y=2800.000 Z=340.000) RuntimeGrid:None EditorOnly:0 RuntimeOnly:0 HLODRelevant:0 ListedInSceneOutliner:1 IsMainWorldOnly:0
 |   |   |- [+] [  3]
 |   |   |   |- Guid:147C8D134B12D635012D5F8C57D2C96F BaseClass: NativeClass:/Script/Engine.PostProcessVolume Name:PostProcessVolume_1 Label:PostProcessVolume SpatiallyLoaded:0 Bounds:IsValid=true, Min=(X=0.000 Y=0.000 Z=400.000), Max=(X=200.000 Y=200.000 Z=600.000) RuntimeGrid:None EditorOnly:0 RuntimeOnly:0 HLODRelevant:0 ListedInSceneOutliner:1 IsMainWorldOnly:0 FolderPath:Lighting FolderGuid:4C9334684BA61B42C769F799D2576455
 |   |   |- [+] [  4]
 |   |   |   |- Guid:1742DF43475F097453197AA79C7473D9 BaseClass: NativeClass:/Script/Engine.SkyLight Name:SkyLight_1 Label:SkyLight SpatiallyLoaded:0 Bounds:IsValid=true, Min=(X=0.000 Y=0.000 Z=690.000), Max=(X=0.000 Y=0.000 Z=690.000) RuntimeGrid:None EditorOnly:0 RuntimeOnly:0 HLODRelevant:0 ListedInSceneOutliner:1 IsMainWorldOnly:0 FolderPath:Lighting FolderGuid:4C9334684BA61B42C769F799D2576455
 |   |   |- [+] [  5]
 |   |   |   |- Guid:1F71819C416DE64AF61B6EB5843FFBDD BaseClass: NativeClass:/Script/Engine.StaticMeshActor Name:StaticMeshActor_UAID_002B67F8C3F01FC801_1978207840 Label:Plane SpatiallyLoaded:1 Bounds:IsValid=true, Min=(X=1585.000 Y=2110.000 Z=0.500), Max=(X=1635.000 Y=2210.000 Z=0.500) RuntimeGrid:None EditorOnly:0 RuntimeOnly:0 HLODRelevant:1 ListedInSceneOutliner:1 IsMainWorldOnly:0 FolderPath:Markings FolderGuid:5DF88F1744EB6EFB50F4FC9B0E345BAB
 |   |   |- [+] [  6]
 |   |   |   |- Guid:2169CB5C470E0E674279BA96829753DD BaseClass: NativeClass:/Script/Engine.StaticMeshActor Name:StaticMeshActor_17 Label:SM_Cube SpatiallyLoaded:1 Bounds:IsValid=true, Min=(X=0.000 Y=0.000 Z=-70.000), Max=(X=4000.000 Y=3500.000 Z=-20.000) RuntimeGrid:None EditorOnly:0 RuntimeOnly:0 HLODRelevant:1 ListedInSceneOutliner:1 IsMainWorldOnly:0 FolderPath:Box_In FolderGuid:9FE5E8B349AF71F05F2688921F3F2AC5
 |   |   |- [+] [  7]
 |   |   |   |- Guid:228CFF484B29686B271887899AF4CAFC BaseClass: NativeClass:/Script/Engine.StaticMeshActor Name:StaticMeshActor_UAID_002B67F8C3F024C801_1195975743 Label:SM_PROP_PLANT_pot_v1_3 SpatiallyLoaded:1 Bounds:IsValid=true, Min=(X=2111.452 Y=1278.665 Z=120.000), Max=(X=2216.942 Y=1338.515 Z=160.041) RuntimeGrid:None EditorOnly:0 RuntimeOnly:0 HLODRelevant:1 ListedInSceneOutliner:1 IsMainWorldOnly:0
 |   |   |- [+] [  8]
 |   |   |   |- Guid:23852D3049D770FEFFE02CA1EB80F8CE BaseClass: NativeClass:/Script/Engine.PointLight Name:PointLight_UAID_002B67F8C3F024C801_1695488747 Label:PointLight2 SpatiallyLoaded:1 Bounds:IsValid=true, Min=(X=1080.000 Y=2620.000 Z=0.000), Max=(X=1320.000 Y=2860.000 Z=240.000) RuntimeGrid:None EditorOnly:0 RuntimeOnly:0 HLODRelevant:0 ListedInSceneOutliner:1 IsMainWorldOnly:0
 |   |   |- [+] [  9]
 |   |   |   |- Guid:24E38DE6413732A653233386DD13434D BaseClass: NativeClass:/Script/Engine.StaticMeshActor Name:StaticMeshActor_UAID_002B67F8C3F01FC801_2045720842 Label:Plane3 SpatiallyLoaded:1 Bounds:IsValid=true, Min=(X=1585.000 Y=1780.000 Z=0.500), Max=(X=1635.000 Y=1880.000 Z=0.500) RuntimeGrid:None EditorOnly:0 RuntimeOnly:0 HLODRelevant:1 ListedInSceneOutliner:1 IsMainWorldOnly:0 FolderPath:Markings FolderGuid:5DF88F1744EB6EFB50F4FC9B0E345BAB
 |   |   |- [+] [ 10]
 |   |   |   |- Guid:2C8C4C6941734558400FC18211170607 BaseClass:/Game/TopDown/Blueprints/B_Cat.B_Cat_C NativeClass:/Script/Engine.Actor Name:B_Cat_C_UAID_002B67F8C3F01CC801_1133848294 Label:B_Cat4 SpatiallyLoaded:1 Bounds:IsValid=true, Min=(X=1090.000 Y=2100.000 Z=-60.000), Max=(X=1316.160 Y=2500.000 Z=340.000) RuntimeGrid:None EditorOnly:0 RuntimeOnly:0 HLODRelevant:0 ListedInSceneOutliner:1 IsMainWorldOnly:0
 |   |   |- [+] [ 11]
 |   |   |   |- Guid:2DF0D95440BE0EDA81652F860DC7268E BaseClass: NativeClass:/Script/Engine.WorldDataLayers Name:WorldDataLayers Label:WorldDataLayers SpatiallyLoaded:0 Bounds:Invalid RuntimeGrid:None EditorOnly:0 RuntimeOnly:0 HLODRelevant:0 ListedInSceneOutliner:1 IsMainWorldOnly:1 FolderPath:Misc FolderGuid:068613794DE297FA2DBA138027B1573B
 |   |   |- [+] [ 12]
 |   |   |   |- Guid:2E02840140379895C7FCBEA068546366 BaseClass: NativeClass:/Script/Engine.StaticMeshActor Name:StaticMeshActor_UAID_002B67F8C3F01FC801_2055473843 Label:Plane4 SpatiallyLoaded:1 Bounds:IsValid=true, Min=(X=1585.000 Y=1470.000 Z=0.500), Max=(X=1635.000 Y=1570.000 Z=0.500) RuntimeGrid:None EditorOnly:0 RuntimeOnly:0 HLODRelevant:1 ListedInSceneOutliner:1 IsMainWorldOnly:0 FolderPath:Markings FolderGuid:5DF88F1744EB6EFB50F4FC9B0E345BAB
 |   |   |- [+] [ 13]
 |   |   |   |- Guid:33968FC241F9B43855ED8E8BDAB62A6D BaseClass: NativeClass:/Script/Engine.StaticMeshActor Name:StaticMeshActor_UAID_002B67F8C3F01EC801_1989871653 Label:S_Old_Cushion_vizmci3va_lod3_Var1 SpatiallyLoaded:1 Bounds:IsValid=true, Min=(X=1062.202 Y=1584.375 Z=-28.798), Max=(X=1197.053 Y=1815.665 Z=42.278) RuntimeGrid:None EditorOnly:0 RuntimeOnly:0 HLODRelevant:1 ListedInSceneOutliner:1 IsMainWorldOnly:0 FolderPath:Pillow FolderGuid:319B6A204F13C294A4B43F91A6DB6274
 |   |   |- [+] [ 14]
 |   |   |   |- Guid:38EC5FEB47CF4353F18C418593D4CF02 BaseClass: NativeClass:/Script/Engine.StaticMeshActor Name:StaticMeshActor_UAID_002B67F8C3F01FC801_1896500838 Label:SM_PROP_barrel_7 SpatiallyLoaded:1 Bounds:IsValid=true, Min=(X=1946.815 Y=2794.526 Z=-0.702), Max=(X=2039.762 Y=2934.392 Z=123.346) RuntimeGrid:None EditorOnly:0 RuntimeOnly:0 HLODRelevant:1 ListedInSceneOutliner:1 IsMainWorldOnly:0
 |   |   |- [+] [ 15]
 |   |   |   |- Guid:39292F144FAE333BF1284C853739E41B BaseClass: NativeClass:/Script/Engine.StaticMeshActor Name:StaticMeshActor_UAID_002B67F8C3F01FC801_1802293837 Label:SM_PROP_barrel_06 SpatiallyLoaded:1 Bounds:IsValid=true, Min=(X=1946.815 Y=2684.526 Z=-0.702), Max=(X=2039.762 Y=2824.392 Z=123.346) RuntimeGrid:None EditorOnly:0 RuntimeOnly:0 HLODRelevant:1 ListedInSceneOutliner:1 IsMainWorldOnly:0
 |   |   |- [+] [ 16]
 |   |   |   |- Guid:3C96B292408BBA900DBE0FBFCCE73F08 BaseClass: NativeClass:/Script/Engine.StaticMeshActor Name:StaticMeshActor_UAID_002B67F8C3F024C801_1470347745 Label:SM_PROP_lantern_01 SpatiallyLoaded:1 Bounds:IsValid=true, Min=(X=1174.616 Y=1520.510 Z=80.823), Max=(X=1225.384 Y=1579.132 Z=174.438) RuntimeGrid:None EditorOnly:0 RuntimeOnly:0 HLODRelevant:1 ListedInSceneOutliner:1 IsMainWorldOnly:0
 |   |   |- [+] [ 17]
 |   |   |   |- Guid:45DAFA7B47BCC4C5ACCD16A7BC0DE8E3 BaseClass: NativeClass:/Script/Engine.StaticMeshActor Name:StaticMeshActor_UAID_002B67F8C3F01EC801_1696792647 Label:SM_PROP_crate_6 SpatiallyLoaded:1 Bounds:IsValid=true, Min=(X=1314.465 Y=2858.510 Z=-0.079), Max=(X=1403.593 Y=2923.012 Z=46.583) RuntimeGrid:None EditorOnly:0 RuntimeOnly:0 HLODRelevant:1 ListedInSceneOutliner:1 IsMainWorldOnly:0
 |   |   |- [+] [ 18]
 |   |   |   |- Guid:4DE0476842734583CA56039C05F646C2 BaseClass: NativeClass:/Script/Engine.StaticMeshActor Name:StaticMeshActor_UAID_002B67F8C3F020C801_2012243024 Label:SM_Cube4 SpatiallyLoaded:1 Bounds:IsValid=true, Min=(X=0.000 Y=1290.000 Z=-50.000), Max=(X=2334.750 Y=3010.250 Z=0.000) RuntimeGrid:None EditorOnly:0 RuntimeOnly:0 HLODRelevant:1 ListedInSceneOutliner:1 IsMainWorldOnly:0 FolderPath:Box_In FolderGuid:9FE5E8B349AF71F05F2688921F3F2AC5
 |   |   |- [+] [ 19]
 |   |   |   |- Guid:5CFBC485434FDB277CACEBA71D97766F BaseClass: NativeClass:/Script/Engine.StaticMeshActor Name:StaticMeshActor_UAID_002B67F8C3F01EC801_2028370655 Label:S_Old_Cushion_vizmci3va_lod3_Var3 SpatiallyLoaded:1 Bounds:IsValid=true, Min=(X=1062.202 Y=2184.375 Z=-28.798), Max=(X=1197.053 Y=2415.665 Z=42.278) RuntimeGrid:None EditorOnly:0 RuntimeOnly:0 HLODRelevant:1 ListedInSceneOutliner:1 IsMainWorldOnly:0 FolderPath:Pillow FolderGuid:319B6A204F13C294A4B43F91A6DB6274
 |   |   |- [+] [ 20]
 |   |   |   |- Guid:5EC123D84217F1E1D53DE183C51212FA BaseClass: NativeClass:/Script/Engine.StaticMeshActor Name:StaticMeshActor_UAID_002B67F8C3F01EC801_1666676645 Label:SM_PROP_crate_05 SpatiallyLoaded:1 Bounds:IsValid=true, Min=(X=1314.465 Y=2798.510 Z=-0.079), Max=(X=1403.593 Y=2863.012 Z=46.583) RuntimeGrid:None EditorOnly:0 RuntimeOnly:0 HLODRelevant:1 ListedInSceneOutliner:1 IsMainWorldOnly:0
 |   |   |- [+] [ 21]
 |   |   |   |- Guid:60929D844631C8CF6488628E390E11A1 BaseClass:/Game/TopDown/Blueprints/BP_Cupboard.BP_Cupboard_C NativeClass:/Script/Engine.Actor Name:BP_Cupboard_C_UAID_145AFC0DFCEEBAC201_1551656761 Label:BP_Cupboard SpatiallyLoaded:1 Bounds:IsValid=true, Min=(X=1400.000 Y=2600.000 Z=-750.000), Max=(X=1500.000 Y=3100.000 Z=192.750) RuntimeGrid:None EditorOnly:0 RuntimeOnly:0 HLODRelevant:0 ListedInSceneOutliner:1 IsMainWorldOnly:0 FolderPath:Stations FolderGuid:97D7122F46ABF7EA7FDB878A4E709BB4
 |   |   |- [+] [ 22]
 |   |   |   |- Guid:6252C7D64ACF162A73EE65B11FE214D1 BaseClass: NativeClass:/Script/Engine.SkyAtmosphere Name:SkyAtmosphere_1 Label:SkyAtmosphere SpatiallyLoaded:0 Bounds:IsValid=true, Min=(X=0.000 Y=0.000 Z=1020.000), Max=(X=0.000 Y=0.000 Z=1020.000) RuntimeGrid:None EditorOnly:0 RuntimeOnly:0 HLODRelevant:0 ListedInSceneOutliner:1 IsMainWorldOnly:0 FolderPath:Lighting FolderGuid:4C9334684BA61B42C769F799D2576455
 |   |   |- [+] [ 23]
 |   |   |   |- Guid:66BCBF874D2A22ADC6523B95EE812CA3 BaseClass: NativeClass:/Script/Engine.StaticMeshActor Name:StaticMeshActor_UAID_A4AE111137DC5CFB00_1660657071 Label:SM_SkySphere SpatiallyLoaded:0 Bounds:IsValid=true, Min=(X=-1638400.000 Y=-1638400.000 Z=-1638400.000), Max=(X=1638400.000 Y=1638400.000 Z=1638400.000) RuntimeGrid:None EditorOnly:0 RuntimeOnly:0 HLODRelevant:1 ListedInSceneOutliner:1 IsMainWorldOnly:0 FolderPath:Lighting FolderGuid:4C9334684BA61B42C769F799D2576455
 |   |   |- [+] [ 24]
 |   |   |   |- Guid:708271D942D394EC302F40812090E6BF BaseClass: NativeClass:/Script/Engine.StaticMeshActor Name:StaticMeshActor_UAID_002B67F8C3F01EC801_1843371652 Label:SM_PROP_PLANT_pot_v4_01 SpatiallyLoaded:1 Bounds:IsValid=true, Min=(X=1756.653 Y=1274.047 Z=120.000), Max=(X=1916.735 Y=1342.371 Z=197.313) RuntimeGrid:None EditorOnly:0 RuntimeOnly:0 HLODRelevant:1 ListedInSceneOutliner:1 IsMainWorldOnly:0
 |   |   |- [+] [ 25]
 |   |   |   |- Guid:7139D3FF45E85A035E6EFCB10A2FC6DF BaseClass:/Game/TopDown/Blueprints/B_Cat.B_Cat_C NativeClass:/Script/Engine.Actor Name:B_Cat_C_UAID_002B67F8C3F01CC801_1127780293 Label:B_Cat3 SpatiallyLoaded:1 Bounds:IsValid=true, Min=(X=1090.000 Y=1800.000 Z=-60.000), Max=(X=1316.160 Y=2200.000 Z=340.000) RuntimeGrid:None EditorOnly:0 RuntimeOnly:0 HLODRelevant:0 ListedInSceneOutliner:1 IsMainWorldOnly:0
 |   |   |- [+] [ 26]
 |   |   |   |- Guid:7B6855A5430B69E374A79C97CEC04D3E BaseClass: NativeClass:/Script/Engine.StaticMeshActor Name:StaticMeshActor_UAID_002B67F8C3F020C801_1185863023 Label:Plane5 SpatiallyLoaded:1 Bounds:IsValid=true, Min=(X=1400.000 Y=2755.000 Z=0.500), Max=(X=1500.000 Y=2805.000 Z=0.500) RuntimeGrid:None EditorOnly:0 RuntimeOnly:0 HLODRelevant:1 ListedInSceneOutliner:1 IsMainWorldOnly:0 FolderPath:Markings FolderGuid:5DF88F1744EB6EFB50F4FC9B0E345BAB
 |   |   |- [+] [ 27]
 |   |   |   |- Guid:907F48B540CD6EC55EC667ABCFE0CDAA BaseClass: NativeClass:/Script/Engine.StaticMeshActor Name:StaticMeshActor_UAID_002B67F8C3F01EC801_2032159656 Label:S_Old_Cushion_vizmci3va_lod3_Var4 SpatiallyLoaded:1 Bounds:IsValid=true, Min=(X=1062.202 Y=2484.375 Z=-28.798), Max=(X=1197.053 Y=2715.665 Z=42.278) RuntimeGrid:None EditorOnly:0 RuntimeOnly:0 HLODRelevant:1 ListedInSceneOutliner:1 IsMainWorldOnly:0 FolderPath:Pillow FolderGuid:319B6A204F13C294A4B43F91A6DB6274
 |   |   |- [+] [ 28]
 |   |   |   |- Guid:91D79ECC498E1087213B7F97486C5F21 BaseClass:/Game/TopDown/Blueprints/B_Cat.B_Cat_C NativeClass:/Script/Engine.Actor Name:B_Cat_C_UAID_002B67F8C3F01CC801_1101538292 Label:B_Cat2 SpatiallyLoaded:1 Bounds:IsValid=true, Min=(X=1090.000 Y=1500.000 Z=-60.000), Max=(X=1316.160 Y=1900.000 Z=340.000) RuntimeGrid:None EditorOnly:0 RuntimeOnly:0 HLODRelevant:0 ListedInSceneOutliner:1 IsMainWorldOnly:0
 |   |   |- [+] [ 29]
 |   |   |   |- Guid:9BB238E547E4EAACCF5F9F993C418231 BaseClass: NativeClass:/Script/Engine.PointLight Name:PointLight_UAID_002B67F8C3F01FC801_2124600844 Label:PointLight SpatiallyLoaded:1 Bounds:IsValid=true, Min=(X=1080.000 Y=1430.000 Z=0.000), Max=(X=1320.000 Y=1670.000 Z=240.000) RuntimeGrid:None EditorOnly:0 RuntimeOnly:0 HLODRelevant:0 ListedInSceneOutliner:1 IsMainWorldOnly:0
 |   |   |- [+] [ 30]
 |   |   |   |- Guid:A43D8A8A4594A092A33DBAA96D94E491 BaseClass: NativeClass:/Script/Engine.StaticMeshActor Name:StaticMeshActor_UAID_002B67F8C3F024C801_1718392748 Label:Plane6 SpatiallyLoaded:1 Bounds:IsValid=true, Min=(X=1327.500 Y=1650.000 Z=0.500), Max=(X=1452.500 Y=1750.000 Z=0.500) RuntimeGrid:None EditorOnly:0 RuntimeOnly:0 HLODRelevant:1 ListedInSceneOutliner:1 IsMainWorldOnly:0 FolderPath:Markings FolderGuid:5DF88F1744EB6EFB50F4FC9B0E345BAB
 |   |   |- [+] [ 31]
 |   |   |   |- Guid:A637E05C42559E3B7F140481C6CBFF81 BaseClass: NativeClass:/Script/Engine.StaticMeshActor Name:StaticMeshActor_UAID_002B67F8C3F01EC801_2023473654 Label:S_Old_Cushion_vizmci3va_lod3_Var2 SpatiallyLoaded:1 Bounds:IsValid=true, Min=(X=1062.202 Y=1884.375 Z=-28.798), Max=(X=1197.053 Y=2115.665 Z=42.278) RuntimeGrid:None EditorOnly:0 RuntimeOnly:0 HLODRelevant:1 ListedInSceneOutliner:1 IsMainWorldOnly:0 FolderPath:Pillow FolderGuid:319B6A204F13C294A4B43F91A6DB6274
 |   |   |- [+] [ 32]
 |   |   |   |- Guid:AECEEEE741E6DE68F6843FA49564A956 BaseClass: NativeClass:/Script/Engine.DirectionalLight Name:DirectionalLight_1 Label:DirectionalLight SpatiallyLoaded:0 Bounds:IsValid=true, Min=(X=-4398046511104.000 Y=-4398046511104.000 Z=-4398046511104.000), Max=(X=4398046511104.000 Y=4398046511104.000 Z=4398046511104.000) RuntimeGrid:None EditorOnly:0 RuntimeOnly:0 HLODRelevant:0 ListedInSceneOutliner:1 IsMainWorldOnly:0 FolderPath:Lighting FolderGuid:4C9334684BA61B42C769F799D2576455
 |   |   |- [+] [ 33]
 |   |   |   |- Guid:BC98D1DB44A8401B39E0A7AA70AF12ED BaseClass: NativeClass:/Script/Engine.StaticMeshActor Name:StaticMeshActor_UAID_002B67F8C3F024C801_1119450741 Label:SM_PROP_PLANT_pot_v1_02 SpatiallyLoaded:1 Bounds:IsValid=true, Min=(X=2041.452 Y=1278.665 Z=120.000), Max=(X=2146.942 Y=1338.515 Z=160.041) RuntimeGrid:None EditorOnly:0 RuntimeOnly:0 HLODRelevant:1 ListedInSceneOutliner:1 IsMainWorldOnly:0
 |   |   |- [+] [ 34]
 |   |   |   |- Guid:BE88C2FA4701A33E537DF697FE423885 BaseClass: NativeClass:/Script/Engine.StaticMeshActor Name:StaticMeshActor_UAID_002B67F8C3F01FC801_2035952841 Label:Plane2 SpatiallyLoaded:1 Bounds:IsValid=true, Min=(X=1585.000 Y=2440.000 Z=0.500), Max=(X=1635.000 Y=2540.000 Z=0.500) RuntimeGrid:None EditorOnly:0 RuntimeOnly:0 HLODRelevant:1 ListedInSceneOutliner:1 IsMainWorldOnly:0 FolderPath:Markings FolderGuid:5DF88F1744EB6EFB50F4FC9B0E345BAB
 |   |   |- [+] [ 35]
 |   |   |   |- Guid:D24D61B944EF71BE7BC469B7EB239299 BaseClass: NativeClass:/Script/Engine.ExponentialHeightFog Name:ExponentialHeightFog_1 Label:ExponentialHeightFog SpatiallyLoaded:0 Bounds:IsValid=true, Min=(X=-5600.000 Y=-50.000 Z=-6850.000), Max=(X=-5600.000 Y=-50.000 Z=-6850.000) RuntimeGrid:None EditorOnly:0 RuntimeOnly:0 HLODRelevant:0 ListedInSceneOutliner:1 IsMainWorldOnly:0 FolderPath:Lighting FolderGuid:4C9334684BA61B42C769F799D2576455
 |   |   |- [+] [ 36]
 |   |   |   |- Guid:D45672FD4D051DBCB6F9BE973A50B555 BaseClass:/Game/TopDown/Blueprints/BP_Oven.BP_Oven_C NativeClass:/Script/Engine.Actor Name:BP_Oven_C_UAID_145AFC0DFCEEB8C201_1871645408 Label:BP_Oven SpatiallyLoaded:1 Bounds:IsValid=true, Min=(X=1480.000 Y=2250.000 Z=-240.000), Max=(X=1980.000 Y=2750.000 Z=404.436) RuntimeGrid:None EditorOnly:0 RuntimeOnly:0 HLODRelevant:0 ListedInSceneOutliner:1 IsMainWorldOnly:0 FolderPath:Stations FolderGuid:97D7122F46ABF7EA7FDB878A4E709BB4
 |   |   |- [+] [ 37]
 |   |   |   |- Guid:D47E5EB24A19D422FC0182B5540344E1 BaseClass: NativeClass:/Script/Engine.StaticMeshActor Name:StaticMeshActor_UAID_002B67F8C3F024C801_1179387742 Label:SM_PROP_PLANT_pot_v1_2 SpatiallyLoaded:1 Bounds:IsValid=true, Min=(X=1472.563 Y=1278.665 Z=120.000), Max=(X=1578.952 Y=1338.515 Z=160.429) RuntimeGrid:None EditorOnly:0 RuntimeOnly:0 HLODRelevant:1 ListedInSceneOutliner:1 IsMainWorldOnly:0
 |   |   |- [+] [ 38]
 |   |   |   |- Guid:D4B91245431F38B1958E8DB15753325B BaseClass:/Game/TopDown/Blueprints/BP_Combine.BP_Combine_C NativeClass:/Script/Engine.Actor Name:BP_Combine_C_UAID_145AFC0DFCEE2CC701_2139167049 Label:BP_Combine SpatiallyLoaded:1 Bounds:IsValid=true, Min=(X=1480.000 Y=1280.000 Z=-250.000), Max=(X=1980.000 Y=1780.000 Z=406.462) RuntimeGrid:None EditorOnly:0 RuntimeOnly:0 HLODRelevant:0 ListedInSceneOutliner:1 IsMainWorldOnly:0 FolderPath:Stations FolderGuid:97D7122F46ABF7EA7FDB878A4E709BB4
 |   |   |- [+] [ 39]
 |   |   |   |- Guid:E31305FF471C0DCA2B2BE58DDC41B78B BaseClass:/Game/TopDown/Blueprints/BP_Pots.BP_Pots_C NativeClass:/Script/Engine.Actor Name:BP_Stove_C_UAID_145AFC0DFCEEA3C201_1761860711 Label:BP_Stove SpatiallyLoaded:1 Bounds:IsValid=true, Min=(X=1480.000 Y=1920.000 Z=-250.000), Max=(X=1980.000 Y=2420.000 Z=388.436) RuntimeGrid:None EditorOnly:0 RuntimeOnly:0 HLODRelevant:0 ListedInSceneOutliner:1 IsMainWorldOnly:0 FolderPath:Stations FolderGuid:97D7122F46ABF7EA7FDB878A4E709BB4
 |   |   |- [+] [ 40]
 |   |   |   |- Guid:E3F4747047F129F6F192609AB9E0FEF7 BaseClass: NativeClass:/Script/Engine.StaticMeshActor Name:StaticMeshActor_UAID_002B67F8C3F024C801_1670093746 Label:SM_PROP_lantern_2 SpatiallyLoaded:1 Bounds:IsValid=true, Min=(X=1174.616 Y=2710.510 Z=80.823), Max=(X=1225.384 Y=2769.132 Z=174.438) RuntimeGrid:None EditorOnly:0 RuntimeOnly:0 HLODRelevant:1 ListedInSceneOutliner:1 IsMainWorldOnly:0
 |   |   |- [+] [ 41]
 |   |   |   |- Guid:E53359864D44D49C9CA300AF51B5CDC7 BaseClass:/Game/TopDown/Blueprints/BP_CuttingBoard.BP_CuttingBoard_C NativeClass:/Script/Engine.Actor Name:BP_CuttingBoard_C_UAID_145AFC0DFCEEB7C201_1799273231 Label:BP_CuttingBoard SpatiallyLoaded:1 Bounds:IsValid=true, Min=(X=1480.000 Y=1590.000 Z=-250.000), Max=(X=1980.000 Y=2090.000 Z=396.491) RuntimeGrid:None EditorOnly:0 RuntimeOnly:0 HLODRelevant:0 ListedInSceneOutliner:1 IsMainWorldOnly:0 FolderPath:Stations FolderGuid:97D7122F46ABF7EA7FDB878A4E709BB4
 |   |   |- [+] [ 42]
 |   |   |   |- Guid:E6F13D394C16971F152315940B68EEE7 BaseClass:/Game/TopDown/Blueprints/B_Cat.B_Cat_C NativeClass:/Script/Engine.Actor Name:B_Cat_C_UAID_002B67F8C3F01EC801_1806862651 Label:B_Cat5 SpatiallyLoaded:1 Bounds:IsValid=true, Min=(X=1090.000 Y=1500.000 Z=-60.000), Max=(X=1316.160 Y=1900.000 Z=340.000) RuntimeGrid:None EditorOnly:0 RuntimeOnly:0 HLODRelevant:0 ListedInSceneOutliner:1 IsMainWorldOnly:0
 |   |   |- [+] [ 43]
 |   |   |   |- Guid:E9F51259425B785A35C436A5559AD7B4 BaseClass: NativeClass:/Script/Engine.StaticMeshActor Name:StaticMeshActor_19 Label:SM_Cube3 SpatiallyLoaded:1 Bounds:IsValid=true, Min=(X=0.000 Y=3400.000 Z=0.000), Max=(X=3000.000 Y=3500.000 Z=400.000) RuntimeGrid:None EditorOnly:0 RuntimeOnly:0 HLODRelevant:1 ListedInSceneOutliner:1 IsMainWorldOnly:0 FolderPath:Playground FolderGuid:9FE5E8B349AF71F05F2688921F3F2AC5
 |   |   |- [+] [ 44]
 |   |   |   |- Guid:EDA3C22A40E27617F70F8A9108369148 BaseClass: NativeClass:/Script/Engine.StaticMeshActor Name:StaticMeshActor_UAID_002B67F8C3F01EC801_1180448639 Label:SM_PROP_PLANT_pot_v3_02 SpatiallyLoaded:1 Bounds:IsValid=true, Min=(X=1199.398 Y=1280.067 Z=-0.000), Max=(X=1322.138 Y=1396.346 Z=130.194) RuntimeGrid:None EditorOnly:0 RuntimeOnly:0 HLODRelevant:1 ListedInSceneOutliner:1 IsMainWorldOnly:0
 |   |   |- [+] [ 45]
 |   |   |   |- Guid:F07559B14CE9ADE1215992AA417A945E BaseClass: NativeClass:/Script/Engine.StaticMeshActor Name:StaticMeshActor_18 Label:SM_Cube2 SpatiallyLoaded:1 Bounds:IsValid=true, Min=(X=0.000 Y=0.000 Z=0.000), Max=(X=3000.000 Y=100.000 Z=400.000) RuntimeGrid:None EditorOnly:0 RuntimeOnly:0 HLODRelevant:1 ListedInSceneOutliner:1 IsMainWorldOnly:0 FolderPath:Playground FolderGuid:9FE5E8B349AF71F05F2688921F3F2AC5
 |   |   |- [+] [ 46]
 |   |   |   |- Guid:F33CC5014C49925B3A9D52A063AF483F BaseClass: NativeClass:/Script/Engine.PlayerStart Name:PlayerStart_0 Label:PlayerStart SpatiallyLoaded:0 Bounds:IsValid=true, Min=(X=1370.000 Y=1960.000 Z=0.013), Max=(X=1450.000 Y=2040.000 Z=184.013) RuntimeGrid:None EditorOnly:0 RuntimeOnly:0 HLODRelevant:0 ListedInSceneOutliner:1 IsMainWorldOnly:0
 |- ContainerInstances:
 |- [+] MainContainer:
 |   |-        ID: 00000000000000000000000000000000
 |   |-  ParentID: 00000000000000000000000000000000
 |   |-    Bounds: IsValid=false, Min=(X=0.000 Y=0.000 Z=0.000), Max=(X=0.000 Y=0.000 Z=0.000)
 |   |- Transform: 0.000000,0.000000,0.000000|0.000000,0.000000,-0.000000|1.000000,1.000000,1.000000
 |   |- Container: /Game/TopDown/Maps/TopDownMap
----------------------------------------------------------------------------------------------------------------
TopDownMap - Persistent Level
----------------------------------------------------------------------------------------------------------------
[+] Content of TopDownMap Persistent Level
 |- Always loaded Actor Count: 68 
 |- Actor Path: /Game/TopDown/Maps/TopDownMap.TopDownMap:PersistentLevel.AbstractNavData-Default
 |- Actor Package: /Game/TopDown/Maps/TopDownMap
 |- Actor Path: /Game/TopDown/Maps/TopDownMap.TopDownMap:PersistentLevel.B_Cat_C_UAID_002B67F8C3F01CC801_1101538292
 |- Actor Package: /Game/__ExternalActors__/TopDown/Maps/TopDownMap/C/85/R84J8F4MEUR4R5QKABIV73
 |- Actor Path: /Game/TopDown/Maps/TopDownMap.TopDownMap:PersistentLevel.B_Cat_C_UAID_002B67F8C3F01CC801_1127780293
 |- Actor Package: /Game/__ExternalActors__/TopDown/Maps/TopDownMap/C/7A/H6NFLV6JLR73741WY6JX52
 |- Actor Path: /Game/TopDown/Maps/TopDownMap.TopDownMap:PersistentLevel.B_Cat_C_UAID_002B67F8C3F01CC801_1133848294
 |- Actor Package: /Game/__ExternalActors__/TopDown/Maps/TopDownMap/D/RH/0IT9B3DOMNGE1I7LWN0KZT
 |- Actor Path: /Game/TopDown/Maps/TopDownMap.TopDownMap:PersistentLevel.B_Cat_C_UAID_002B67F8C3F01EC801_1806862651
 |- Actor Package: /Game/__ExternalActors__/TopDown/Maps/TopDownMap/4/LK/WZSN7UH1EVGZ2XZAG3JTGV
 |- Actor Path: /Game/TopDown/Maps/TopDownMap.TopDownMap:PersistentLevel.B_Cat_C_UAID_145AFC0DFCEECDC601_2036473331
 |- Actor Package: /Game/__ExternalActors__/TopDown/Maps/TopDownMap/8/KT/180ZO4J8QX3XCHRIJFWDZW
 |- Actor Path: /Game/TopDown/Maps/TopDownMap.TopDownMap:PersistentLevel.BP_Combine_C_UAID_145AFC0DFCEE2CC701_2139167049
 |- Actor Package: /Game/__ExternalActors__/TopDown/Maps/TopDownMap/3/0L/I4O4KQVROJP1QP8PJC3H2S
 |- Actor Path: /Game/TopDown/Maps/TopDownMap.TopDownMap:PersistentLevel.BP_Cupboard_C_UAID_145AFC0DFCEEBAC201_1551656761
 |- Actor Package: /Game/__ExternalActors__/TopDown/Maps/TopDownMap/E/EN/3TUJRC36VOKFF4AAOPOJRE
 |- Actor Path: /Game/TopDown/Maps/TopDownMap.TopDownMap:PersistentLevel.BP_CuttingBoard_C_UAID_145AFC0DFCEEB7C201_1799273231
 |- Actor Package: /Game/__ExternalActors__/TopDown/Maps/TopDownMap/2/5F/AN01SARM9ZRMWRWEI1R03Z
 |- Actor Path: /Game/TopDown/Maps/TopDownMap.TopDownMap:PersistentLevel.BP_Oven_C_UAID_145AFC0DFCEEB8C201_1871645408
 |- Actor Package: /Game/__ExternalActors__/TopDown/Maps/TopDownMap/A/Q3/ITOWCGU03ZYFTSD9A1HWHB
 |- Actor Path: /Game/TopDown/Maps/TopDownMap.TopDownMap:PersistentLevel.BP_Stove_C_UAID_145AFC0DFCEEA3C201_1761860711
 |- Actor Package: /Game/__ExternalActors__/TopDown/Maps/TopDownMap/A/8H/SS373EQIXSAUJMYYQGDZXT
 |- Actor Path: /Game/TopDown/Maps/TopDownMap.TopDownMap:PersistentLevel.Brush_0
 |- Actor Package: /Game/TopDown/Maps/TopDownMap
 |- Actor Path: /Game/TopDown/Maps/TopDownMap.TopDownMap:PersistentLevel.Brush_1
 |- Actor Package: /Game/TopDown/Maps/TopDownMap
 |- Actor Path: /Game/TopDown/Maps/TopDownMap.TopDownMap:PersistentLevel.Brush_2
 |- Actor Package: /Game/TopDown/Maps/TopDownMap
 |- Actor Path: /Game/TopDown/Maps/TopDownMap.TopDownMap:PersistentLevel.Brush_3
 |- Actor Package: /Game/TopDown/Maps/TopDownMap
 |- Actor Path: /Game/TopDown/Maps/TopDownMap.TopDownMap:PersistentLevel.Brush_4
 |- Actor Package: /Game/TopDown/Maps/TopDownMap
 |- Actor Path: /Game/TopDown/Maps/TopDownMap.TopDownMap:PersistentLevel.Brush_5
 |- Actor Package: /Game/TopDown/Maps/TopDownMap
 |- Actor Path: /Game/TopDown/Maps/TopDownMap.TopDownMap:PersistentLevel.Brush_6
 |- Actor Package: /Game/TopDown/Maps/TopDownMap
 |- Actor Path: /Game/TopDown/Maps/TopDownMap.TopDownMap:PersistentLevel.Brush_7
 |- Actor Package: /Game/TopDown/Maps/TopDownMap
 |- Actor Path: /Game/TopDown/Maps/TopDownMap.TopDownMap:PersistentLevel.Brush_8
 |- Actor Package: /Game/TopDown/Maps/TopDownMap
 |- Actor Path: /Game/TopDown/Maps/TopDownMap.TopDownMap:PersistentLevel.Brush_9
 |- Actor Package: /Game/TopDown/Maps/TopDownMap
 |- Actor Path: /Game/TopDown/Maps/TopDownMap.TopDownMap:PersistentLevel.Brush_10
 |- Actor Package: /Game/TopDown/Maps/TopDownMap
 |- Actor Path: /Game/TopDown/Maps/TopDownMap.TopDownMap:PersistentLevel.Brush_11
 |- Actor Package: /Game/TopDown/Maps/TopDownMap
 |- Actor Path: /Game/TopDown/Maps/TopDownMap.TopDownMap:PersistentLevel.Brush_12
 |- Actor Package: /Game/TopDown/Maps/TopDownMap
 |- Actor Path: /Game/TopDown/Maps/TopDownMap.TopDownMap:PersistentLevel.Brush_13
 |- Actor Package: /Game/TopDown/Maps/TopDownMap
 |- Actor Path: /Game/TopDown/Maps/TopDownMap.TopDownMap:PersistentLevel.Brush_14
 |- Actor Package: /Game/TopDown/Maps/TopDownMap
 |- Actor Path: /Game/TopDown/Maps/TopDownMap.TopDownMap:PersistentLevel.DefaultPhysicsVolume_0
 |- Actor Package: /Game/TopDown/Maps/TopDownMap
 |- Actor Path: /Game/TopDown/Maps/TopDownMap.TopDownMap:PersistentLevel.DirectionalLight_1
 |- Actor Package: /Game/__ExternalActors__/TopDown/Maps/TopDownMap/A/LM/VRK8UAZR3J2TAKS74SHCUD
 |- Actor Path: /Game/TopDown/Maps/TopDownMap.TopDownMap:PersistentLevel.ExponentialHeightFog_1
 |- Actor Package: /Game/__ExternalActors__/TopDown/Maps/TopDownMap/6/BO/BYV4KSLUROOOL33DU1XUWQ
 |- Actor Path: /Game/TopDown/Maps/TopDownMap.TopDownMap:PersistentLevel.GameplayDebuggerPlayerManager_0
 |- Actor Package: /Game/TopDown/Maps/TopDownMap
 |- Actor Path: /Game/TopDown/Maps/TopDownMap.TopDownMap:PersistentLevel.PlayerStart_0
 |- Actor Package: /Game/__ExternalActors__/TopDown/Maps/TopDownMap/6/OI/H4CYGWRMJ49ZI6AS2GNGQY
 |- Actor Path: /Game/TopDown/Maps/TopDownMap.TopDownMap:PersistentLevel.PointLight_UAID_002B67F8C3F01FC801_2124600844
 |- Actor Package: /Game/__ExternalActors__/TopDown/Maps/TopDownMap/0/03/5WG22IZ282NI8TU0VWHXR5
 |- Actor Path: /Game/TopDown/Maps/TopDownMap.TopDownMap:PersistentLevel.PointLight_UAID_002B67F8C3F024C801_1695488747
 |- Actor Package: /Game/__ExternalActors__/TopDown/Maps/TopDownMap/9/VM/6HCVA5TETI298KUFC4UYW5
 |- Actor Path: /Game/TopDown/Maps/TopDownMap.TopDownMap:PersistentLevel.PostProcessVolume_1
 |- Actor Package: /Game/__ExternalActors__/TopDown/Maps/TopDownMap/6/VI/ESHAVRHFZFA2JDR9ZAQIOE
 |- Actor Path: /Game/TopDown/Maps/TopDownMap.TopDownMap:PersistentLevel.SkyAtmosphere_1
 |- Actor Package: /Game/__ExternalActors__/TopDown/Maps/TopDownMap/5/YN/TCNGOWDVRBFBJ5YZR7VI7S
 |- Actor Path: /Game/TopDown/Maps/TopDownMap.TopDownMap:PersistentLevel.SkyLight_1
 |- Actor Package: /Game/__ExternalActors__/TopDown/Maps/TopDownMap/E/LR/47NTFRDFK6M7265A1UYTOW
 |- Actor Path: /Game/TopDown/Maps/TopDownMap.TopDownMap:PersistentLevel.StaticMeshActor_17
 |- Actor Package: /Game/__ExternalActors__/TopDown/Maps/TopDownMap/3/RG/XOAZMB5QVL20UGXOCZ1LZK
 |- Actor Path: /Game/TopDown/Maps/TopDownMap.TopDownMap:PersistentLevel.StaticMeshActor_18
 |- Actor Package: /Game/__ExternalActors__/TopDown/Maps/TopDownMap/0/WM/EHOX3YPZ8BWS13D7E6IFN2
 |- Actor Path: /Game/TopDown/Maps/TopDownMap.TopDownMap:PersistentLevel.StaticMeshActor_19
 |- Actor Package: /Game/__ExternalActors__/TopDown/Maps/TopDownMap/B/72/PR1QS01SW5BWFPFZ9C79RF
 |- Actor Path: /Game/TopDown/Maps/TopDownMap.TopDownMap:PersistentLevel.StaticMeshActor_23
 |- Actor Package: /Game/__ExternalActors__/TopDown/Maps/TopDownMap/0/MB/J5WHCOZ4GU1YICRISB3DL6
 |- Actor Path: /Game/TopDown/Maps/TopDownMap.TopDownMap:PersistentLevel.StaticMeshActor_UAID_002B67F8C3F01EC801_1180448639
 |- Actor Package: /Game/__ExternalActors__/TopDown/Maps/TopDownMap/4/JI/8QDFPBV8KMTQT0CLMBF7NT
 |- Actor Path: /Game/TopDown/Maps/TopDownMap.TopDownMap:PersistentLevel.StaticMeshActor_UAID_002B67F8C3F01EC801_1666676645
 |- Actor Package: /Game/__ExternalActors__/TopDown/Maps/TopDownMap/B/06/J95TXSQ4KCXID9QHP1HOY9
 |- Actor Path: /Game/TopDown/Maps/TopDownMap.TopDownMap:PersistentLevel.StaticMeshActor_UAID_002B67F8C3F01EC801_1696792647
 |- Actor Package: /Game/__ExternalActors__/TopDown/Maps/TopDownMap/A/WP/950NO17OR7HXGO20A1N31F
 |- Actor Path: /Game/TopDown/Maps/TopDownMap.TopDownMap:PersistentLevel.StaticMeshActor_UAID_002B67F8C3F01EC801_1843371652
 |- Actor Package: /Game/__ExternalActors__/TopDown/Maps/TopDownMap/D/UL/4DD5R34REQQ9DGEAOJ6DT3
 |- Actor Path: /Game/TopDown/Maps/TopDownMap.TopDownMap:PersistentLevel.StaticMeshActor_UAID_002B67F8C3F01EC801_1989871653
 |- Actor Package: /Game/__ExternalActors__/TopDown/Maps/TopDownMap/4/YS/21FLHE5XRTG6RS6J06XTR8
 |- Actor Path: /Game/TopDown/Maps/TopDownMap.TopDownMap:PersistentLevel.StaticMeshActor_UAID_002B67F8C3F01EC801_2023473654
 |- Actor Package: /Game/__ExternalActors__/TopDown/Maps/TopDownMap/9/39/R2E4TX77IX8ST9CQ86807E
 |- Actor Path: /Game/TopDown/Maps/TopDownMap.TopDownMap:PersistentLevel.StaticMeshActor_UAID_002B67F8C3F01EC801_2028370655
 |- Actor Package: /Game/__ExternalActors__/TopDown/Maps/TopDownMap/4/XR/2RRD7KK38SMZJT6EC1I1CQ
 |- Actor Path: /Game/TopDown/Maps/TopDownMap.TopDownMap:PersistentLevel.StaticMeshActor_UAID_002B67F8C3F01EC801_2032159656
 |- Actor Package: /Game/__ExternalActors__/TopDown/Maps/TopDownMap/0/LE/7JSSR1GJ4CHPI8JWG2YIUZ
 |- Actor Path: /Game/TopDown/Maps/TopDownMap.TopDownMap:PersistentLevel.StaticMeshActor_UAID_002B67F8C3F01FC801_1802293837
 |- Actor Package: /Game/__ExternalActors__/TopDown/Maps/TopDownMap/3/22/Z09S4OF4BQ11C4VA9JOTL2
 |- Actor Path: /Game/TopDown/Maps/TopDownMap.TopDownMap:PersistentLevel.StaticMeshActor_UAID_002B67F8C3F01FC801_1896500838
 |- Actor Package: /Game/__ExternalActors__/TopDown/Maps/TopDownMap/7/J9/IM3XMMEY06OZJ1QL6L50HN
 |- Actor Path: /Game/TopDown/Maps/TopDownMap.TopDownMap:PersistentLevel.StaticMeshActor_UAID_002B67F8C3F01FC801_1978207840
 |- Actor Package: /Game/__ExternalActors__/TopDown/Maps/TopDownMap/B/5S/VQMIESH579OBMYQU6ED9EA
 |- Actor Path: /Game/TopDown/Maps/TopDownMap.TopDownMap:PersistentLevel.StaticMeshActor_UAID_002B67F8C3F01FC801_2035952841
 |- Actor Package: /Game/__ExternalActors__/TopDown/Maps/TopDownMap/1/QZ/B3MJJC87M7EFZJUFKCOJ6T
 |- Actor Path: /Game/TopDown/Maps/TopDownMap.TopDownMap:PersistentLevel.StaticMeshActor_UAID_002B67F8C3F01FC801_2045720842
 |- Actor Package: /Game/__ExternalActors__/TopDown/Maps/TopDownMap/F/58/JFE5R8AHMAUBV4S991E649
 |- Actor Path: /Game/TopDown/Maps/TopDownMap.TopDownMap:PersistentLevel.StaticMeshActor_UAID_002B67F8C3F01FC801_2055473843
 |- Actor Package: /Game/__ExternalActors__/TopDown/Maps/TopDownMap/7/P1/R4CYIO03JF7H1QKY8K7KFS
 |- Actor Path: /Game/TopDown/Maps/TopDownMap.TopDownMap:PersistentLevel.StaticMeshActor_UAID_002B67F8C3F020C801_1185863023
 |- Actor Package: /Game/__ExternalActors__/TopDown/Maps/TopDownMap/0/LR/L13H0FK4EMZKVUM73XIRFR
 |- Actor Path: /Game/TopDown/Maps/TopDownMap.TopDownMap:PersistentLevel.StaticMeshActor_UAID_002B67F8C3F020C801_2012243024
 |- Actor Package: /Game/__ExternalActors__/TopDown/Maps/TopDownMap/2/L8/YQF74BQYOXDRGPUGIXLX2Z
 |- Actor Path: /Game/TopDown/Maps/TopDownMap.TopDownMap:PersistentLevel.StaticMeshActor_UAID_002B67F8C3F024C801_1113096740
 |- Actor Package: /Game/__ExternalActors__/TopDown/Maps/TopDownMap/9/3G/NA5DIV4ZRV0CQVR874B3X2
 |- Actor Path: /Game/TopDown/Maps/TopDownMap.TopDownMap:PersistentLevel.StaticMeshActor_UAID_002B67F8C3F024C801_1119450741
 |- Actor Package: /Game/__ExternalActors__/TopDown/Maps/TopDownMap/5/BE/AMXP7WMW6AA70PHV4AZWMH
 |- Actor Path: /Game/TopDown/Maps/TopDownMap.TopDownMap:PersistentLevel.StaticMeshActor_UAID_002B67F8C3F024C801_1179387742
 |- Actor Package: /Game/__ExternalActors__/TopDown/Maps/TopDownMap/1/DP/3KKHQJ8U5O6NQQVV3IAXL3
 |- Actor Path: /Game/TopDown/Maps/TopDownMap.TopDownMap:PersistentLevel.StaticMeshActor_UAID_002B67F8C3F024C801_1195975743
 |- Actor Package: /Game/__ExternalActors__/TopDown/Maps/TopDownMap/4/2F/6C5KGASUFZRFQQBDAJ4AB3
 |- Actor Path: /Game/TopDown/Maps/TopDownMap.TopDownMap:PersistentLevel.StaticMeshActor_UAID_002B67F8C3F024C801_1470347745
 |- Actor Package: /Game/__ExternalActors__/TopDown/Maps/TopDownMap/0/T8/REG2PE6YXXUJX2TG1MINBL
 |- Actor Path: /Game/TopDown/Maps/TopDownMap.TopDownMap:PersistentLevel.StaticMeshActor_UAID_002B67F8C3F024C801_1670093746
 |- Actor Package: /Game/__ExternalActors__/TopDown/Maps/TopDownMap/4/0T/YSG760EQ4J4TECFAE2R5QV
 |- Actor Path: /Game/TopDown/Maps/TopDownMap.TopDownMap:PersistentLevel.StaticMeshActor_UAID_002B67F8C3F024C801_1718392748
 |- Actor Package: /Game/__ExternalActors__/TopDown/Maps/TopDownMap/B/2G/WNPE3E5Q0ZTNHSFX6L5MP7
 |- Actor Path: /Game/TopDown/Maps/TopDownMap.TopDownMap:PersistentLevel.StaticMeshActor_UAID_A4AE111137DC5CFB00_1660657071
 |- Actor Package: /Game/__ExternalActors__/TopDown/Maps/TopDownMap/C/MV/UE2U7GTDT7WM2AVP83861S
 |- Actor Path: /Game/TopDown/Maps/TopDownMap.TopDownMap:PersistentLevel.TopDownMap_C_0
 |- Actor Package: /Game/TopDown/Maps/TopDownMap
 |- Actor Path: /Game/TopDown/Maps/TopDownMap.TopDownMap:PersistentLevel.WorldDataLayers
 |- Actor Package: /Game/__ExternalActors__/TopDown/Maps/TopDownMap/A/RN/FHX05LPSBNMAJG3SW97PS7
 |- Actor Path: /Game/TopDown/Maps/TopDownMap.TopDownMap:PersistentLevel.WorldInfo_0
 |- Actor Package: /Game/TopDown/Maps/TopDownMap
 |- Actor Path: /Game/TopDown/Maps/TopDownMap.TopDownMap:PersistentLevel.WorldPartitionMiniMap_0
 |- Actor Package: /Game/__ExternalActors__/TopDown/Maps/TopDownMap/8/YS/FOXTUL6MPN05XEWRDRZ58J

----------------------------------------------------------------------------------------------------------------
TopDownMap - Runtime Spatial Hash - Streaming Grid - MainGrid
----------------------------------------------------------------------------------------------------------------
            Origin: X=0.000 Y=0.000 Z=0.000
         Cell Size: 12800
      World Bounds: IsValid=false, Min=(X=0.000 Y=0.000 Z=0.000), Max=(X=0.000 Y=0.000 Z=0.000)
     Loading Range: 25600.00
Block Slow Loading: No
 ClientOnlyVisible: No
            Origin: X=0.000 Y=0.000 Z=0.000

[+] Grid Levels: 1
 |- Level  0: Cell Count    0 | Cell Size   12800 | Actor Count    0 (0.0%)

[+] Content of Grid Level 0

